{"numFailedTestSuites":0,"numFailedTests":0,"numPassedTestSuites":1,"numPassedTests":0,"numPendingTestSuites":0,"numPendingTests":0,"numRuntimeErrorTestSuites":0,"numTodoTests":8,"numTotalTestSuites":1,"numTotalTests":8,"openHandles":[],"snapshot":{"added":0,"didUpdate":false,"failure":false,"filesAdded":0,"filesRemoved":0,"filesRemovedList":[],"filesUnmatched":0,"filesUpdated":0,"matched":0,"total":0,"unchecked":0,"uncheckedKeysByFile":[],"unmatched":0,"updated":0},"startTime":1652111569311,"success":true,"testResults":[{"assertionResults":[{"ancestorTitles":["BundleDeclarationsWebpackPlugin"],"duration":null,"failureMessages":[],"fullName":"BundleDeclarationsWebpackPlugin applies the default options","location":null,"status":"todo","title":"applies the default options"},{"ancestorTitles":["BundleDeclarationsWebpackPlugin"],"duration":null,"failureMessages":[],"fullName":"BundleDeclarationsWebpackPlugin supports overriding default options","location":null,"status":"todo","title":"supports overriding default options"},{"ancestorTitles":["BundleDeclarationsWebpackPlugin"],"duration":null,"failureMessages":[],"fullName":"BundleDeclarationsWebpackPlugin hooks processAssets for each compilation","location":null,"status":"todo","title":"hooks processAssets for each compilation"},{"ancestorTitles":["BundleDeclarationsWebpackPlugin"],"duration":null,"failureMessages":[],"fullName":"BundleDeclarationsWebpackPlugin generates a .d.ts bundle for a single string entry-point","location":null,"status":"todo","title":"generates a .d.ts bundle for a single string entry-point"},{"ancestorTitles":["BundleDeclarationsWebpackPlugin"],"duration":null,"failureMessages":[],"fullName":"BundleDeclarationsWebpackPlugin generates a .d.ts bundle for multiple string entry-points","location":null,"status":"todo","title":"generates a .d.ts bundle for multiple string entry-points"},{"ancestorTitles":["BundleDeclarationsWebpackPlugin"],"duration":null,"failureMessages":[],"fullName":"BundleDeclarationsWebpackPlugin generates a .d.ts bundle for a single EntryPointConfig","location":null,"status":"todo","title":"generates a .d.ts bundle for a single EntryPointConfig"},{"ancestorTitles":["BundleDeclarationsWebpackPlugin"],"duration":null,"failureMessages":[],"fullName":"BundleDeclarationsWebpackPlugin generates a .d.ts bundle for an array of EntryPointConfigs","location":null,"status":"todo","title":"generates a .d.ts bundle for an array of EntryPointConfigs"},{"ancestorTitles":["BundleDeclarationsWebpackPlugin"],"duration":null,"failureMessages":[],"fullName":"BundleDeclarationsWebpackPlugin emits the configured outFile as an asset","location":null,"status":"todo","title":"emits the configured outFile as an asset"}],"endTime":1652111570512,"message":"","name":"/home/kali/Documents/bundle-declarations-webpack-plugin/src/index.test.ts","startTime":1652111569403,"status":"passed","summary":""}],"wasInterrupted":false,"coverageMap":{"/home/kali/Documents/bundle-declarations-webpack-plugin/src/index.ts":{"path":"/home/kali/Documents/bundle-declarations-webpack-plugin/src/index.ts","statementMap":{"0":{"start":{"line":1,"column":0},"end":{"line":1,"column":95}},"1":{"start":{"line":3,"column":0},"end":{"line":3,"column":25}},"2":{"start":{"line":16,"column":13},"end":{"line":21,"column":2}},"3":{"start":{"line":24,"column":19},"end":{"line":24,"column":45}},"4":{"start":{"line":25,"column":23},"end":{"line":25,"column":63}},"5":{"start":{"line":26,"column":17},"end":{"line":26,"column":34}},"6":{"start":{"line":36,"column":25},"end":{"line":36,"column":41}},"7":{"start":{"line":37,"column":8},"end":{"line":37,"column":null}},"8":{"start":{"line":42,"column":25},"end":{"line":42,"column":61}},"9":{"start":{"line":43,"column":26},"end":{"line":43,"column":34}},"10":{"start":{"line":44,"column":30},"end":{"line":44,"column":37}},"11":{"start":{"line":45,"column":28},"end":{"line":45,"column":43}},"12":{"start":{"line":47,"column":8},"end":{"line":75,"column":10}},"13":{"start":{"line":48,"column":12},"end":{"line":74,"column":14}},"14":{"start":{"line":48,"column":143},"end":{"line":74,"column":14}},"15":{"start":{"line":49,"column":125},"end":{"line":49,"column":137}},"16":{"start":{"line":51,"column":16},"end":{"line":54,"column":null}},"17":{"start":{"line":52,"column":20},"end":{"line":52,"column":110}},"18":{"start":{"line":53,"column":20},"end":{"line":53,"column":27}},"19":{"start":{"line":57,"column":16},"end":{"line":63,"column":null}},"20":{"start":{"line":58,"column":20},"end":{"line":58,"column":76}},"21":{"start":{"line":59,"column":23},"end":{"line":63,"column":null}},"22":{"start":{"line":60,"column":20},"end":{"line":60,"column":145}},"23":{"start":{"line":60,"column":45},"end":{"line":60,"column":143}},"24":{"start":{"line":62,"column":20},"end":{"line":62,"column":87}},"25":{"start":{"line":66,"column":31},"end":{"line":66,"column":77}},"26":{"start":{"line":67,"column":29},"end":{"line":71,"column":34}},"27":{"start":{"line":68,"column":36},"end":{"line":68,"column":93}},"28":{"start":{"line":69,"column":36},"end":{"line":69,"column":101}},"29":{"start":{"line":70,"column":36},"end":{"line":70,"column":98}},"30":{"start":{"line":73,"column":16},"end":{"line":73,"column":78}},"31":{"start":{"line":29,"column":0},"end":{"line":29,"column":13}},"32":{"start":{"line":81,"column":39},"end":{"line":81,"column":46}},"33":{"start":{"line":30,"column":11},"end":{"line":34,"column":6}}},"fnMap":{"0":{"name":"(anonymous_7)","decl":{"start":{"line":36,"column":4},"end":{"line":36,"column":25}},"loc":{"start":{"line":36,"column":41},"end":{"line":38,"column":5}}},"1":{"name":"(anonymous_8)","decl":{"start":{"line":40,"column":11},"end":{"line":40,"column":16}},"loc":{"start":{"line":40,"column":35},"end":{"line":76,"column":5}}},"2":{"name":"(anonymous_9)","decl":{"start":{"line":47,"column":55},"end":{"line":47,"column":56}},"loc":{"start":{"line":48,"column":12},"end":{"line":74,"column":14}}},"3":{"name":"(anonymous_10)","decl":{"start":{"line":48,"column":128},"end":{"line":48,"column":134}},"loc":{"start":{"line":48,"column":143},"end":{"line":74,"column":14}}},"4":{"name":"(anonymous_11)","decl":{"start":{"line":48,"column":143},"end":{"line":48,"column":null}},"loc":{"start":{"line":48,"column":143},"end":{"line":74,"column":13}}},"5":{"name":"(anonymous_12)","decl":{"start":{"line":60,"column":40},"end":{"line":60,"column":41}},"loc":{"start":{"line":60,"column":45},"end":{"line":60,"column":143}}},"6":{"name":"(anonymous_13)","decl":{"start":{"line":68,"column":29},"end":{"line":68,"column":32}},"loc":{"start":{"line":68,"column":36},"end":{"line":68,"column":93}}},"7":{"name":"(anonymous_14)","decl":{"start":{"line":69,"column":29},"end":{"line":69,"column":32}},"loc":{"start":{"line":69,"column":36},"end":{"line":69,"column":101}}},"8":{"name":"(anonymous_15)","decl":{"start":{"line":70,"column":29},"end":{"line":70,"column":32}},"loc":{"start":{"line":70,"column":35},"end":{"line":70,"column":98}}}},"branchMap":{"0":{"loc":{"start":{"line":51,"column":16},"end":{"line":54,"column":null}},"type":"if","locations":[{"start":{"line":51,"column":16},"end":{"line":54,"column":null}}]},"1":{"loc":{"start":{"line":57,"column":16},"end":{"line":63,"column":null}},"type":"if","locations":[{"start":{"line":57,"column":16},"end":{"line":63,"column":null}},{"start":{"line":59,"column":23},"end":{"line":63,"column":null}}]},"2":{"loc":{"start":{"line":59,"column":23},"end":{"line":63,"column":null}},"type":"if","locations":[{"start":{"line":59,"column":23},"end":{"line":63,"column":null}},{"start":{"line":61,"column":23},"end":{"line":63,"column":null}}]},"3":{"loc":{"start":{"line":60,"column":45},"end":{"line":60,"column":143}},"type":"cond-expr","locations":[{"start":{"line":60,"column":68},"end":{"line":60,"column":109}},{"start":{"line":60,"column":110},"end":{"line":60,"column":143}}]},"4":{"loc":{"start":{"line":68,"column":36},"end":{"line":68,"column":93}},"type":"cond-expr","locations":[{"start":{"line":68,"column":57},"end":{"line":68,"column":87}},{"start":{"line":68,"column":90},"end":{"line":68,"column":93}}]},"5":{"loc":{"start":{"line":68,"column":57},"end":{"line":68,"column":87}},"type":"cond-expr","locations":[{"start":{"line":68,"column":60},"end":{"line":68,"column":62}},{"start":{"line":68,"column":57},"end":{"line":68,"column":87}}]},"6":{"loc":{"start":{"line":68,"column":57},"end":{"line":68,"column":62}},"type":"binary-expr","locations":[{"start":{"line":68,"column":57},"end":{"line":68,"column":62}},{"start":{"line":68,"column":57},"end":{"line":68,"column":62}}]},"7":{"loc":{"start":{"line":69,"column":36},"end":{"line":69,"column":101}},"type":"cond-expr","locations":[{"start":{"line":69,"column":61},"end":{"line":69,"column":95}},{"start":{"line":69,"column":98},"end":{"line":69,"column":101}}]},"8":{"loc":{"start":{"line":69,"column":61},"end":{"line":69,"column":95}},"type":"cond-expr","locations":[{"start":{"line":69,"column":64},"end":{"line":69,"column":66}},{"start":{"line":69,"column":61},"end":{"line":69,"column":95}}]},"9":{"loc":{"start":{"line":69,"column":61},"end":{"line":69,"column":66}},"type":"binary-expr","locations":[{"start":{"line":69,"column":61},"end":{"line":69,"column":66}},{"start":{"line":69,"column":61},"end":{"line":69,"column":66}}]},"10":{"loc":{"start":{"line":70,"column":36},"end":{"line":70,"column":97}},"type":"cond-expr","locations":[{"start":{"line":70,"column":55},"end":{"line":70,"column":91}},{"start":{"line":70,"column":94},"end":{"line":70,"column":97}}]},"11":{"loc":{"start":{"line":70,"column":55},"end":{"line":70,"column":91}},"type":"cond-expr","locations":[{"start":{"line":70,"column":83},"end":{"line":70,"column":85}},{"start":{"line":70,"column":83},"end":{"line":70,"column":91}}]},"12":{"loc":{"start":{"line":70,"column":55},"end":{"line":70,"column":85}},"type":"binary-expr","locations":[{"start":{"line":70,"column":55},"end":{"line":70,"column":85}},{"start":{"line":70,"column":83},"end":{"line":70,"column":85}}]},"13":{"loc":{"start":{"line":70,"column":55},"end":{"line":70,"column":83}},"type":"cond-expr","locations":[{"start":{"line":70,"column":58},"end":{"line":70,"column":60}},{"start":{"line":70,"column":55},"end":{"line":70,"column":83}}]},"14":{"loc":{"start":{"line":70,"column":55},"end":{"line":70,"column":60}},"type":"binary-expr","locations":[{"start":{"line":70,"column":55},"end":{"line":70,"column":60}},{"start":{"line":70,"column":55},"end":{"line":70,"column":60}}]}},"s":{"0":1,"1":1,"2":1,"3":1,"4":1,"5":1,"6":0,"7":0,"8":0,"9":0,"10":0,"11":0,"12":0,"13":0,"14":0,"15":0,"16":0,"17":0,"18":0,"19":0,"20":0,"21":0,"22":0,"23":0,"24":0,"25":0,"26":0,"27":0,"28":0,"29":0,"30":0,"31":1,"32":1,"33":1},"f":{"0":0,"1":0,"2":0,"3":0,"4":0,"5":0,"6":0,"7":0,"8":0},"b":{"0":[0],"1":[0,0],"2":[0,0],"3":[0,0],"4":[0,0],"5":[0,0],"6":[0,0],"7":[0,0],"8":[0,0],"9":[0,0],"10":[0,0],"11":[0,0],"12":[0,0],"13":[0,0],"14":[0,0]}}}}